abr. 20, 2020 10:07:45 A. M. com.redhat.quarkus.ls.QuarkusLanguageServer initialize
INFORMACIÓN: Initializing Quarkus server 0.0.4-20191120-1547 with C:\Users\Carles\AppData\Local\JetBrains\Toolbox\apps\IDEA-U\ch-0\193.6911.18\jbr
abr. 20, 2020 10:10:41 A. M. com.redhat.quarkus.ls.QuarkusLanguageServer initialize
INFORMACIÓN: Initializing Quarkus server 0.0.4-20191120-1547 with C:\Users\Carles\AppData\Local\JetBrains\Toolbox\apps\IDEA-U\ch-0\193.6911.18\jbr
abr. 20, 2020 11:23:04 A. M. com.redhat.quarkus.ls.QuarkusLanguageServer initialize
INFORMACIÓN: Initializing Quarkus server 0.0.4-20191120-1547 with C:\Users\Carles\AppData\Local\JetBrains\Toolbox\apps\IDEA-U\ch-0\193.6911.18\jbr
abr. 20, 2020 11:30:25 A. M. com.redhat.quarkus.ls.QuarkusLanguageServer initialize
INFORMACIÓN: Initializing Quarkus server 0.0.4-20191120-1547 with C:\Users\Carles\AppData\Local\JetBrains\Toolbox\apps\IDEA-U\ch-0\193.6911.18\jbr
abr. 20, 2020 11:30:45 A. M. org.eclipse.lsp4j.jsonrpc.RemoteEndpoint handleNotification
ADVERTENCIA: Notification threw an exception: {
  "jsonrpc": "2.0",
  "method": "textDocument/didChange",
  "params": {
    "textDocument": {
      "version": 5,
      "uri": "file:///C:/Users/Carles/IdeaProjects/apicurio-studio/platforms/quarkus/api/src/main/resources/application.properties"
    },
    "contentChanges": [
      {
        "range": {
          "start": {
            "line": 18,
            "character": 21
          },
          "end": {
            "line": 19,
            "character": 0
          }
        },
        "rangeLength": -21,
        "text": ""
      }
    ]
  }
}
java.lang.RuntimeException: java.lang.reflect.InvocationTargetException
	at org.eclipse.lsp4j.jsonrpc.services.GenericEndpoint.lambda$null$0(GenericEndpoint.java:67)
	at org.eclipse.lsp4j.jsonrpc.services.GenericEndpoint.notify(GenericEndpoint.java:152)
	at org.eclipse.lsp4j.jsonrpc.RemoteEndpoint.handleNotification(RemoteEndpoint.java:220)
	at org.eclipse.lsp4j.jsonrpc.RemoteEndpoint.consume(RemoteEndpoint.java:187)
	at com.redhat.quarkus.ls.commons.ParentProcessWatcher.lambda$apply$0(ParentProcessWatcher.java:140)
	at org.eclipse.lsp4j.jsonrpc.json.StreamMessageProducer.handleMessage(StreamMessageProducer.java:194)
	at org.eclipse.lsp4j.jsonrpc.json.StreamMessageProducer.listen(StreamMessageProducer.java:94)
	at org.eclipse.lsp4j.jsonrpc.json.ConcurrentMessageProcessor.run(ConcurrentMessageProcessor.java:113)
	at java.base/java.util.concurrent.Executors$RunnableAdapter.call(Executors.java:515)
	at java.base/java.util.concurrent.FutureTask.run(FutureTask.java:264)
	at java.base/java.util.concurrent.ThreadPoolExecutor.runWorker(ThreadPoolExecutor.java:1128)
	at java.base/java.util.concurrent.ThreadPoolExecutor$Worker.run(ThreadPoolExecutor.java:628)
	at java.base/java.lang.Thread.run(Thread.java:834)
Caused by: java.lang.reflect.InvocationTargetException
	at java.base/jdk.internal.reflect.NativeMethodAccessorImpl.invoke0(Native Method)
	at java.base/jdk.internal.reflect.NativeMethodAccessorImpl.invoke(NativeMethodAccessorImpl.java:62)
	at java.base/jdk.internal.reflect.DelegatingMethodAccessorImpl.invoke(DelegatingMethodAccessorImpl.java:43)
	at java.base/java.lang.reflect.Method.invoke(Method.java:566)
	at org.eclipse.lsp4j.jsonrpc.services.GenericEndpoint.lambda$null$0(GenericEndpoint.java:65)
	... 12 more
Caused by: java.lang.StringIndexOutOfBoundsException: start 629, end 608, length 649
	at java.base/java.lang.AbstractStringBuilder.checkRangeSIOOBE(AbstractStringBuilder.java:1724)
	at java.base/java.lang.AbstractStringBuilder.replace(AbstractStringBuilder.java:946)
	at java.base/java.lang.StringBuilder.replace(StringBuilder.java:302)
	at com.redhat.quarkus.ls.commons.TextDocument.update(TextDocument.java:177)
	at com.redhat.quarkus.ls.commons.TextDocuments.onDidChangeTextDocument(TextDocuments.java:83)
	at com.redhat.quarkus.ls.QuarkusTextDocumentService.didChange(QuarkusTextDocumentService.java:113)
	... 17 more

abr. 20, 2020 11:36:58 A. M. com.redhat.quarkus.ls.QuarkusLanguageServer initialize
INFORMACIÓN: Initializing Quarkus server 0.0.4-20191120-1547 with C:\Users\Carles\AppData\Local\JetBrains\Toolbox\apps\IDEA-U\ch-0\193.6911.18\jbr
abr. 20, 2020 12:07:06 P. M. com.redhat.quarkus.ls.QuarkusLanguageServer initialize
INFORMACIÓN: Initializing Quarkus server 0.0.4-20191120-1547 with C:\Users\Carles\AppData\Local\JetBrains\Toolbox\apps\IDEA-U\ch-0\193.6911.18\jbr
abr. 20, 2020 12:15:01 P. M. org.eclipse.lsp4j.jsonrpc.RemoteEndpoint handleNotification
ADVERTENCIA: Notification threw an exception: {
  "jsonrpc": "2.0",
  "method": "textDocument/didChange",
  "params": {
    "textDocument": {
      "version": 71,
      "uri": "file:///C:/Users/Carles/IdeaProjects/apicurio-studio/platforms/quarkus/ws/src/main/resources/application.properties"
    },
    "contentChanges": [
      {
        "range": {
          "start": {
            "line": 7,
            "character": 29
          },
          "end": {
            "line": 8,
            "character": 0
          }
        },
        "rangeLength": -29,
        "text": ""
      }
    ]
  }
}
java.lang.RuntimeException: java.lang.reflect.InvocationTargetException
	at org.eclipse.lsp4j.jsonrpc.services.GenericEndpoint.lambda$null$0(GenericEndpoint.java:67)
	at org.eclipse.lsp4j.jsonrpc.services.GenericEndpoint.notify(GenericEndpoint.java:152)
	at org.eclipse.lsp4j.jsonrpc.RemoteEndpoint.handleNotification(RemoteEndpoint.java:220)
	at org.eclipse.lsp4j.jsonrpc.RemoteEndpoint.consume(RemoteEndpoint.java:187)
	at com.redhat.quarkus.ls.commons.ParentProcessWatcher.lambda$apply$0(ParentProcessWatcher.java:140)
	at org.eclipse.lsp4j.jsonrpc.json.StreamMessageProducer.handleMessage(StreamMessageProducer.java:194)
	at org.eclipse.lsp4j.jsonrpc.json.StreamMessageProducer.listen(StreamMessageProducer.java:94)
	at org.eclipse.lsp4j.jsonrpc.json.ConcurrentMessageProcessor.run(ConcurrentMessageProcessor.java:113)
	at java.base/java.util.concurrent.Executors$RunnableAdapter.call(Executors.java:515)
	at java.base/java.util.concurrent.FutureTask.run(FutureTask.java:264)
	at java.base/java.util.concurrent.ThreadPoolExecutor.runWorker(ThreadPoolExecutor.java:1128)
	at java.base/java.util.concurrent.ThreadPoolExecutor$Worker.run(ThreadPoolExecutor.java:628)
	at java.base/java.lang.Thread.run(Thread.java:834)
Caused by: java.lang.reflect.InvocationTargetException
	at jdk.internal.reflect.GeneratedMethodAccessor2.invoke(Unknown Source)
	at java.base/jdk.internal.reflect.DelegatingMethodAccessorImpl.invoke(DelegatingMethodAccessorImpl.java:43)
	at java.base/java.lang.reflect.Method.invoke(Method.java:566)
	at org.eclipse.lsp4j.jsonrpc.services.GenericEndpoint.lambda$null$0(GenericEndpoint.java:65)
	... 12 more
Caused by: java.lang.StringIndexOutOfBoundsException: start 237, end 208, length 291
	at java.base/java.lang.AbstractStringBuilder.checkRangeSIOOBE(AbstractStringBuilder.java:1724)
	at java.base/java.lang.AbstractStringBuilder.replace(AbstractStringBuilder.java:946)
	at java.base/java.lang.StringBuilder.replace(StringBuilder.java:302)
	at com.redhat.quarkus.ls.commons.TextDocument.update(TextDocument.java:177)
	at com.redhat.quarkus.ls.commons.TextDocuments.onDidChangeTextDocument(TextDocuments.java:83)
	at com.redhat.quarkus.ls.QuarkusTextDocumentService.didChange(QuarkusTextDocumentService.java:113)
	... 16 more

abr. 20, 2020 12:15:06 P. M. com.redhat.quarkus.services.QuarkusCompletions doComplete
GRAVE: In QuarkusCompletion, position error
com.redhat.quarkus.ls.commons.BadLocationException: The character value, {18} of the line8}, is out of bounds.
	at com.redhat.quarkus.ls.commons.TreeLineTracker.getOffsetAt(TreeLineTracker.java:1214)
	at com.redhat.quarkus.ls.commons.TextDocument.offsetAt(TextDocument.java:76)
	at com.redhat.quarkus.model.PropertiesModel.offsetAt(PropertiesModel.java:168)
	at com.redhat.quarkus.services.QuarkusCompletions.doComplete(QuarkusCompletions.java:76)
	at com.redhat.quarkus.services.QuarkusLanguageService.doComplete(QuarkusLanguageService.java:83)
	at com.redhat.quarkus.ls.QuarkusTextDocumentService.lambda$null$1(QuarkusTextDocumentService.java:144)
	at java.base/java.util.concurrent.CompletableFuture.biApply(CompletableFuture.java:1236)
	at java.base/java.util.concurrent.CompletableFuture$BiApply.tryFire(CompletableFuture.java:1205)
	at java.base/java.util.concurrent.CompletableFuture$Completion.exec(CompletableFuture.java:479)
	at java.base/java.util.concurrent.ForkJoinTask.doExec(ForkJoinTask.java:290)
	at java.base/java.util.concurrent.ForkJoinPool$WorkQueue.topLevelExec(ForkJoinPool.java:1020)
	at java.base/java.util.concurrent.ForkJoinPool.scan(ForkJoinPool.java:1656)
	at java.base/java.util.concurrent.ForkJoinPool.runWorker(ForkJoinPool.java:1594)
	at java.base/java.util.concurrent.ForkJoinWorkerThread.run(ForkJoinWorkerThread.java:177)

abr. 20, 2020 12:15:06 P. M. com.redhat.quarkus.services.QuarkusCompletions doComplete
GRAVE: In QuarkusCompletion, position error
com.redhat.quarkus.ls.commons.BadLocationException: The character value, {19} of the line8}, is out of bounds.
	at com.redhat.quarkus.ls.commons.TreeLineTracker.getOffsetAt(TreeLineTracker.java:1214)
	at com.redhat.quarkus.ls.commons.TextDocument.offsetAt(TextDocument.java:76)
	at com.redhat.quarkus.model.PropertiesModel.offsetAt(PropertiesModel.java:168)
	at com.redhat.quarkus.services.QuarkusCompletions.doComplete(QuarkusCompletions.java:76)
	at com.redhat.quarkus.services.QuarkusLanguageService.doComplete(QuarkusLanguageService.java:83)
	at com.redhat.quarkus.ls.QuarkusTextDocumentService.lambda$null$1(QuarkusTextDocumentService.java:144)
	at java.base/java.util.concurrent.CompletableFuture.biApply(CompletableFuture.java:1236)
	at java.base/java.util.concurrent.CompletableFuture$BiApply.tryFire(CompletableFuture.java:1205)
	at java.base/java.util.concurrent.CompletableFuture$Completion.exec(CompletableFuture.java:479)
	at java.base/java.util.concurrent.ForkJoinTask.doExec(ForkJoinTask.java:290)
	at java.base/java.util.concurrent.ForkJoinPool$WorkQueue.topLevelExec(ForkJoinPool.java:1020)
	at java.base/java.util.concurrent.ForkJoinPool.scan(ForkJoinPool.java:1656)
	at java.base/java.util.concurrent.ForkJoinPool.runWorker(ForkJoinPool.java:1594)
	at java.base/java.util.concurrent.ForkJoinWorkerThread.run(ForkJoinWorkerThread.java:177)

abr. 20, 2020 12:15:07 P. M. com.redhat.quarkus.services.QuarkusCompletions doComplete
GRAVE: In QuarkusCompletion, position error
com.redhat.quarkus.ls.commons.BadLocationException: The character value, {20} of the line8}, is out of bounds.
	at com.redhat.quarkus.ls.commons.TreeLineTracker.getOffsetAt(TreeLineTracker.java:1214)
	at com.redhat.quarkus.ls.commons.TextDocument.offsetAt(TextDocument.java:76)
	at com.redhat.quarkus.model.PropertiesModel.offsetAt(PropertiesModel.java:168)
	at com.redhat.quarkus.services.QuarkusCompletions.doComplete(QuarkusCompletions.java:76)
	at com.redhat.quarkus.services.QuarkusLanguageService.doComplete(QuarkusLanguageService.java:83)
	at com.redhat.quarkus.ls.QuarkusTextDocumentService.lambda$null$1(QuarkusTextDocumentService.java:144)
	at java.base/java.util.concurrent.CompletableFuture.biApply(CompletableFuture.java:1236)
	at java.base/java.util.concurrent.CompletableFuture$BiApply.tryFire(CompletableFuture.java:1205)
	at java.base/java.util.concurrent.CompletableFuture$Completion.exec(CompletableFuture.java:479)
	at java.base/java.util.concurrent.ForkJoinTask.doExec(ForkJoinTask.java:290)
	at java.base/java.util.concurrent.ForkJoinPool$WorkQueue.topLevelExec(ForkJoinPool.java:1020)
	at java.base/java.util.concurrent.ForkJoinPool.scan(ForkJoinPool.java:1656)
	at java.base/java.util.concurrent.ForkJoinPool.runWorker(ForkJoinPool.java:1594)
	at java.base/java.util.concurrent.ForkJoinWorkerThread.run(ForkJoinWorkerThread.java:177)

abr. 20, 2020 12:15:07 P. M. com.redhat.quarkus.services.QuarkusCompletions doComplete
GRAVE: In QuarkusCompletion, position error
com.redhat.quarkus.ls.commons.BadLocationException: The character value, {21} of the line8}, is out of bounds.
	at com.redhat.quarkus.ls.commons.TreeLineTracker.getOffsetAt(TreeLineTracker.java:1214)
	at com.redhat.quarkus.ls.commons.TextDocument.offsetAt(TextDocument.java:76)
	at com.redhat.quarkus.model.PropertiesModel.offsetAt(PropertiesModel.java:168)
	at com.redhat.quarkus.services.QuarkusCompletions.doComplete(QuarkusCompletions.java:76)
	at com.redhat.quarkus.services.QuarkusLanguageService.doComplete(QuarkusLanguageService.java:83)
	at com.redhat.quarkus.ls.QuarkusTextDocumentService.lambda$null$1(QuarkusTextDocumentService.java:144)
	at java.base/java.util.concurrent.CompletableFuture.biApply(CompletableFuture.java:1236)
	at java.base/java.util.concurrent.CompletableFuture$BiApply.tryFire(CompletableFuture.java:1205)
	at java.base/java.util.concurrent.CompletableFuture$Completion.exec(CompletableFuture.java:479)
	at java.base/java.util.concurrent.ForkJoinTask.doExec(ForkJoinTask.java:290)
	at java.base/java.util.concurrent.ForkJoinPool$WorkQueue.topLevelExec(ForkJoinPool.java:1020)
	at java.base/java.util.concurrent.ForkJoinPool.scan(ForkJoinPool.java:1656)
	at java.base/java.util.concurrent.ForkJoinPool.runWorker(ForkJoinPool.java:1594)
	at java.base/java.util.concurrent.ForkJoinWorkerThread.run(ForkJoinWorkerThread.java:177)

abr. 20, 2020 12:59:13 P. M. com.redhat.quarkus.ls.QuarkusLanguageServer initialize
INFORMACIÓN: Initializing Quarkus server 0.0.4-20191120-1547 with C:\Users\Carles\AppData\Local\JetBrains\Toolbox\apps\IDEA-U\ch-0\193.6911.18\jbr
abr. 20, 2020 1:20:01 P. M. com.redhat.quarkus.ls.QuarkusLanguageServer initialize
INFORMACIÓN: Initializing Quarkus server 0.0.4-20191120-1547 with C:\Users\Carles\AppData\Local\JetBrains\Toolbox\apps\IDEA-U\ch-0\193.6911.18\jbr
abr. 20, 2020 1:51:05 P. M. com.redhat.quarkus.ls.QuarkusLanguageServer initialize
INFORMACIÓN: Initializing Quarkus server 0.0.4-20191120-1547 with C:\Users\Carles\AppData\Local\JetBrains\Toolbox\apps\IDEA-U\ch-0\193.6911.18\jbr
abr. 20, 2020 2:34:19 P. M. com.redhat.quarkus.ls.QuarkusLanguageServer initialize
INFORMACIÓN: Initializing Quarkus server 0.0.4-20191120-1547 with C:\Users\Carles\AppData\Local\JetBrains\Toolbox\apps\IDEA-U\ch-0\193.6911.18\jbr
